-------------------------------------------------------------------------------
Test set: dk.kea.dat22b.goodwishesregistry.GoodWishesRegistryApplicationTests
-------------------------------------------------------------------------------
Tests run: 1, Failures: 0, Errors: 1, Skipped: 0, Time elapsed: 1.489 s <<< FAILURE! - in dk.kea.dat22b.goodwishesregistry.GoodWishesRegistryApplicationTests
contextLoads  Time elapsed: 0.006 s  <<< ERROR!
java.lang.IllegalStateException: Failed to load ApplicationContext for [WebMergedContextConfiguration@67c5ac52 testClass = dk.kea.dat22b.goodwishesregistry.GoodWishesRegistryApplicationTests, locations = [], classes = [dk.kea.dat22b.goodwishesregistry.GoodWishesRegistryApplication], contextInitializerClasses = [], activeProfiles = [], propertySourceLocations = [], propertySourceProperties = ["org.springframework.boot.test.context.SpringBootTestContextBootstrapper=true"], contextCustomizers = [org.springframework.boot.test.context.filter.ExcludeFilterContextCustomizer@36916eb0, org.springframework.boot.test.json.DuplicateJsonObjectContextCustomizerFactory$DuplicateJsonObjectContextCustomizer@3cebbb30, org.springframework.boot.test.mock.mockito.MockitoContextCustomizer@0, org.springframework.boot.test.web.client.TestRestTemplateContextCustomizer@2d710f1a, org.springframework.boot.test.autoconfigure.actuate.observability.ObservabilityContextCustomizerFactory$DisableObservabilityContextCustomizer@9da1, org.springframework.boot.test.autoconfigure.properties.PropertyMappingContextCustomizer@0, org.springframework.boot.test.autoconfigure.web.servlet.WebDriverContextCustomizerFactory$Customizer@5824a83d, org.springframework.boot.test.context.SpringBootTestAnnotation@308ce06f], resourceBasePath = "src/main/webapp", contextLoader = org.springframework.boot.test.context.SpringBootContextLoader, parent = null]
Caused by: org.springframework.beans.factory.UnsatisfiedDependencyException: Error creating bean with name 'homeController' defined in file [C:\Users\jalle\good-wishes-registry\target\classes\dk\kea\dat22b\goodwishesregistry\controller\HomeController.class]: Unsatisfied dependency expressed through constructor parameter 0: Error creating bean with name 'wishlistRepository': Injection of autowired dependencies failed
Caused by: org.springframework.beans.factory.BeanCreationException: Error creating bean with name 'wishlistRepository': Injection of autowired dependencies failed
Caused by: java.lang.IllegalArgumentException: Could not resolve placeholder 'DB_URL' in value "jdbc:mysql:${DB_URL}"

